<?xml version="1.0" encoding="UTF-8"?>
<!-- Generated by org.testng.reporters.JUnitXMLReporter -->
<testsuite ignored="0" hostname="Mahadev" failures="0" tests="4" name="groupingtest" time="19.049" errors="0" timestamp="08 Feb 2018 19:29:04 GMT">
  <testcase classname="firsttestngpackage.TestngGroupingAz" name="logintoAmazon" time="10.137"/>
  <testcase classname="firsttestngpackage.TestngGroupingAz" name="serchitem" time="0.548"/>
  <testcase classname="firsttestngpackage.TestngGroupingEbay" name="gotoEbay" time="7.927"/>
  <testcase classname="firsttestngpackage.TestngGroupingEbay" name="searchitem" time="0.413"/>
</testsuite> <!-- groupingtest -->
