<?xml version="1.0" encoding="UTF-8"?>
<!-- Generated by org.testng.reporters.JUnitXMLReporter -->
<testsuite ignored="0" hostname="Mahadev" failures="0" tests="6" name="FirstTestNGProject" time="0.041" errors="0" timestamp="09 Jan 2018 06:38:23 GMT">
  <testcase classname="firsttestngpackage.TestNGGrouping" name="f1" time="0.009"/>
  <testcase classname="firsttestngpackage.TestNGGrouping" name="f2" time="0.001"/>
  <testcase classname="firsttestngpackage.TestNGGrouping" name="f3" time="0.001"/>
  <testcase classname="firsttestngpackage.TestNGGrouping" name="f4" time="0.001"/>
  <testcase classname="firsttestngpackage.TestNGGrouping" name="f5" time="0.001"/>
  <testcase classname="firsttestngpackage.TestNGGrouping" name="f6" time="0.001"/>
</testsuite> <!-- FirstTestNGProject -->
