<?xml version="1.0" encoding="UTF-8"?>
<!-- Generated by org.testng.reporters.JUnitXMLReporter -->
<testsuite ignored="0" hostname="Mahadev" failures="1" tests="2" name="facebook and ebay" time="10.269" errors="0" timestamp="14 Feb 2018 19:38:59 GMT">
  <testcase classname="firsttestngpackage.YahoologinTest" name="parametertest" time="0.0">
    <failure type="org.testng.TestNGException" message="
Parameter &amp;apos;env&amp;apos; is required by @Test on method parametertest but has not been marked @Optional or defined
in C:\Users\ganib\eclipse-workspace\FirstTestNGProject\config\paralleltestng.xml">
      <![CDATA[org.testng.TestNGException: Parameter 'env' is required by @Test on method parametertest but has not been marked @Optional or definedin C:\Users\ganib\eclipse-workspace\FirstTestNGProject\config\paralleltestng.xml... Removed 24 stack frames]]>
    </failure>
  </testcase> <!-- parametertest -->
  <testcase classname="firsttestngpackage.EbayTest" name="openurl" time="2.171"/>
</testsuite> <!-- facebook and ebay -->
