<?xml version="1.0" encoding="UTF-8"?>
<!-- Generated by org.testng.reporters.JUnitXMLReporter -->
<testsuite ignored="0" hostname="Mahadev" failures="1" tests="1" name="loginverify" time="0.031" errors="0" timestamp="08 Feb 2018 07:39:53 GMT">
  <testcase classname="firsttestngpackage.YahoologinTest" name="parametertest" time="0.0">
    <failure type="org.testng.TestNGException" message="
Parameter &amp;apos;url&amp;apos; is required by @Test on method parametertest but has not been marked @Optional or defined
in C:\Users\ganib\eclipse-workspace\FirstTestNGProject\config\testng.xml">
      <![CDATA[org.testng.TestNGException: Parameter 'url' is required by @Test on method parametertest but has not been marked @Optional or definedin C:\Users\ganib\eclipse-workspace\FirstTestNGProject\config\testng.xml... Removed 24 stack frames]]>
    </failure>
  </testcase> <!-- parametertest -->
</testsuite> <!-- loginverify -->
