<?xml version="1.0" encoding="UTF-8"?>
<!-- Generated by org.testng.reporters.JUnitXMLReporter -->
<testsuite ignored="1" hostname="Mahadev" failures="0" tests="5" name="FirstTestNGProject" time="0.042" errors="0" timestamp="09 Jan 2018 07:18:36 GMT">
  <testcase classname="firsttestngpackage.TestNGGrouping" name="f1" time="0.008"/>
  <testcase classname="firsttestngpackage.TestNGGrouping" name="f2" time="0.002"/>
  <testcase classname="firsttestngpackage.TestNGGrouping" name="f3" time="0.001"/>
  <testcase classname="firsttestngpackage.TestNGGrouping" name="f5" time="0.006"/>
  <testcase classname="firsttestngpackage.TestNGGrouping" name="f6" time="0.001"/>
  <testcase classname="firsttestngpackage.TestNGGrouping" name="f4" time="0.0">
    <ignored/>
  </testcase> <!-- f4 -->
</testsuite> <!-- FirstTestNGProject -->
