<?xml version="1.0" encoding="UTF-8"?>
<!-- Generated by org.testng.reporters.JUnitXMLReporter -->
<testsuite ignored="0" hostname="Mahadev" failures="2" tests="3" name="Listener Testing" time="27.429" errors="0" timestamp="28 Mar 2018 18:29:28 GMT">
  <testcase classname="firsttestngpackage.TestListner1" name="invokebrowser" time="4.52"/>
  <testcase classname="firsttestngpackage.TestListner1" name="logintoYahoo" time="22.84">
    <failure type="java.lang.NullPointerException">
      <![CDATA[java.lang.NullPointerExceptionat firsttestngpackage.TestListner1.logintoYahoo(TestListner1.java:31)... Removed 25 stack frames]]>
    </failure>
  </testcase> <!-- logintoYahoo -->
  <testcase classname="firsttestngpackage.TestListner1" name="testtofail" time="0.007">
    <failure type="java.lang.AssertionError" message="expected [true] but found [false]">
      <![CDATA[java.lang.AssertionError: expected [true] but found [false]at firsttestngpackage.TestListner1.testtofail(TestListner1.java:38)... Removed 31 stack frames]]>
    </failure>
  </testcase> <!-- testtofail -->
</testsuite> <!-- Listener Testing -->
