<?xml version="1.0" encoding="UTF-8"?>
<!-- Generated by org.testng.reporters.JUnitXMLReporter -->
<testsuite hostname="Mahadev" ignored="7" name="FirstTestNGProject" tests="7" failures="0" timestamp="12 Jun 2018 01:58:34 GMT" time="15.288" errors="0">
  <testcase name="f1" time="0.031" classname="firsttestngpackage.TestNGGrouping"/>
  <testcase name="f2" time="0.017" classname="firsttestngpackage.TestNGGrouping"/>
  <testcase name="f3" time="0.009" classname="firsttestngpackage.TestNGGrouping"/>
  <testcase name="f5" time="0.006" classname="firsttestngpackage.TestNGGrouping"/>
  <testcase name="f6" time="0.007" classname="firsttestngpackage.TestNGGrouping"/>
  <testcase name="verifyHomepageTitle" time="8.14" classname="firsttestngpackage.FirstTestNGFile"/>
  <testcase name="verifytitle" time="6.547" classname="firsttestngpackage.FirstTestNGFile"/>
  <testcase name="e" time="0.0" classname="firsttestngpackage.TestNGAttributes">
    <ignored/>
  </testcase> <!-- e -->
  <testcase name="d" time="0.0" classname="firsttestngpackage.TestNGAttributes">
    <ignored/>
  </testcase> <!-- d -->
  <testcase name="f" time="0.0" classname="firsttestngpackage.TestNGAttributes">
    <ignored/>
  </testcase> <!-- f -->
  <testcase name="m" time="0.0" classname="firsttestngpackage.TestNGAttributes">
    <ignored/>
  </testcase> <!-- m -->
  <testcase name="f4" time="0.0" classname="firsttestngpackage.TestNGGrouping">
    <ignored/>
  </testcase> <!-- f4 -->
  <testcase name="o" time="0.0" classname="firsttestngpackage.TestNGAttributes">
    <ignored/>
  </testcase> <!-- o -->
  <testcase name="h" time="0.0" classname="firsttestngpackage.TestNGAttributes">
    <ignored/>
  </testcase> <!-- h -->
</testsuite> <!-- FirstTestNGProject -->
