<?xml version="1.0" encoding="UTF-8"?>
<!-- Generated by org.testng.reporters.JUnitXMLReporter -->
<testsuite ignored="7" hostname="Mahadev" failures="0" tests="7" name="FirstTestNGProject" time="8.383" errors="0" timestamp="27 Mar 2018 21:41:22 GMT">
  <testcase classname="firsttestngpackage.TestNGGrouping" name="f1" time="0.009"/>
  <testcase classname="firsttestngpackage.TestNGGrouping" name="f2" time="0.002"/>
  <testcase classname="firsttestngpackage.TestNGGrouping" name="f3" time="0.002"/>
  <testcase classname="firsttestngpackage.TestNGGrouping" name="f5" time="0.001"/>
  <testcase classname="firsttestngpackage.TestNGGrouping" name="f6" time="0.001"/>
  <testcase classname="firsttestngpackage.FirstTestNGFile" name="verifyHomepageTitle" time="4.682"/>
  <testcase classname="firsttestngpackage.FirstTestNGFile" name="verifytitle" time="1.576"/>
  <testcase classname="firsttestngpackage.TestNGAttributes" name="e" time="0.0">
    <ignored/>
  </testcase> <!-- e -->
  <testcase classname="firsttestngpackage.TestNGAttributes" name="d" time="0.0">
    <ignored/>
  </testcase> <!-- d -->
  <testcase classname="firsttestngpackage.TestNGAttributes" name="f" time="0.0">
    <ignored/>
  </testcase> <!-- f -->
  <testcase classname="firsttestngpackage.TestNGAttributes" name="m" time="0.0">
    <ignored/>
  </testcase> <!-- m -->
  <testcase classname="firsttestngpackage.TestNGGrouping" name="f4" time="0.0">
    <ignored/>
  </testcase> <!-- f4 -->
  <testcase classname="firsttestngpackage.TestNGAttributes" name="o" time="0.0">
    <ignored/>
  </testcase> <!-- o -->
  <testcase classname="firsttestngpackage.TestNGAttributes" name="h" time="0.0">
    <ignored/>
  </testcase> <!-- h -->
</testsuite> <!-- FirstTestNGProject -->
